MyClean åº”ç”¨æµ‹è¯•æŠ¥å‘Š
==================================================

æµ‹è¯•æ—¶é—´: 2025-07-23 15:16:25 - 2025-07-23 15:16:35
æµ‹è¯•è€—æ—¶: 9.8 ç§’


==============================
æµ‹è¯•è„šæœ¬: test_backend_only.py
æè¿°: åç«¯APIåŠŸèƒ½æµ‹è¯•
ç»“æœ: å¤±è´¥
è¿”å›ç : 1

è¾“å‡º:
MyClean åç«¯APIæµ‹è¯•è„šæœ¬
========================================
[15:16:32] INFO: å¼€å§‹è¿è¡ŒMyCleanåç«¯APIæµ‹è¯•[0m
[15:16:32] INFO: ============================================================[0m
[15:16:32] INFO: æµ‹è¯•åç«¯å¥åº·çŠ¶æ€...[0m


é”™è¯¯:
D:\Semaster_5\CP3407 Advanced Software Engineering\project\CP3407\test_backend_only.py:6: SyntaxWarning: invalid escape sequence '\P'
  è¿è¡Œæ–¹å¼: C:\Python312\python.exe test_backend_only.py
Traceback (most recent call last):
  File "D:\Semaster_5\CP3407 Advanced Software Engineering\project\CP3407\test_backend_only.py", line 99, in test_health_check
    self.log(f"\u2713 åç«¯å¥åº·æ£€æŸ¥é€šè¿‡: {data.get('status', 'unknown')}", "SUCCESS")
  File "D:\Semaster_5\CP3407 Advanced Software Engineering\project\CP3407\test_backend_only.py", line 39, in log
    print(f"[{timestamp}] {color}{level}: {message}{end_color}")
UnicodeEncodeError: 'gbk' codec can't encode character '\u2713' in position 25: illegal multibyte sequence

During handling of the above exception, another exception occurred:

Traceback (most recent call last):
  File "D:\Semaster_5\CP3407 Advanced Software Engineering\project\CP3407\test_backend_only.py", line 328, in main
    success = tester.run_all_tests()
              ^^^^^^^^^^^^^^^^^^^^^^
  File "D:\Semaster_5\CP3407 Advanced Software Engineering\project\CP3407\test_backend_only.py", line 280, in run_all_tests
    if not self.test_health_check():
           ^^^^^^^^^^^^^^^^^^^^^^^^
  File "D:\Semaster_5\CP3407 Advanced Software Engineering\project\CP3407\test_backend_only.py", line 105, in test_health_check
    self.log(f"\u2717 åç«¯è¿æ¥å¤±è´¥: {e}", "ERROR")
  File "D:\Semaster_5\CP3407 Advanced Software Engineering\project\CP3407\test_backend_only.py", line 39, in log
    print(f"[{timestamp}] {color}{level}: {message}{end_color}")
UnicodeEncodeError: 'gbk' codec can't encode character '\u2717' in position 23: illegal multibyte sequence

During handling of the above exception, another exception occurred:

Traceback (most recent call last):
  File "D:\Semaster_5\CP3407 Advanced Software Engineering\project\CP3407\test_backend_only.py", line 349, in <module>
    exit(main())
         ^^^^^^
  File "D:\Semaster_5\CP3407 Advanced Software Engineering\project\CP3407\test_backend_only.py", line 342, in main
    print(f"\n\u274c æµ‹è¯•è„šæœ¬å¼‚å¸¸: {e}")
UnicodeEncodeError: 'gbk' codec can't encode character '\u274c' in position 2: illegal multibyte sequence

